0 info it worked if it ends with ok
1 verbose cli [ 'C:\\Program Files\\nodejs\\node.exe',
1 verbose cli   'C:\\Program Files\\nodejs\\node_modules\\npm\\bin\\npm-cli.js',
1 verbose cli   'install' ]
2 info using npm@3.10.10
3 info using node@v6.11.0
4 silly loadCurrentTree Starting
5 silly install loadCurrentTree
6 silly install readLocalPackageData
7 silly install normalizeTree
8 silly loadCurrentTree Finishing
9 silly loadIdealTree Starting
10 silly install loadIdealTree
11 silly cloneCurrentTree Starting
12 silly install cloneCurrentTreeToIdealTree
13 silly cloneCurrentTree Finishing
14 silly loadShrinkwrap Starting
15 silly install loadShrinkwrap
16 silly loadShrinkwrap Finishing
17 silly loadAllDepsIntoIdealTree Starting
18 silly install loadAllDepsIntoIdealTree
19 silly fetchNamedPackageData http
20 silly mapToRegistry name http
21 silly mapToRegistry using default registry
22 silly mapToRegistry registry https://registry.npmjs.org/
23 silly mapToRegistry data Result {
23 silly mapToRegistry   raw: 'http',
23 silly mapToRegistry   scope: null,
23 silly mapToRegistry   escapedName: 'http',
23 silly mapToRegistry   name: 'http',
23 silly mapToRegistry   rawSpec: '',
23 silly mapToRegistry   spec: 'latest',
23 silly mapToRegistry   type: 'tag' }
24 silly mapToRegistry uri https://registry.npmjs.org/http
25 silly fetchNamedPackageData https
26 silly mapToRegistry name https
27 silly mapToRegistry using default registry
28 silly mapToRegistry registry https://registry.npmjs.org/
29 silly mapToRegistry data Result {
29 silly mapToRegistry   raw: 'https',
29 silly mapToRegistry   scope: null,
29 silly mapToRegistry   escapedName: 'https',
29 silly mapToRegistry   name: 'https',
29 silly mapToRegistry   rawSpec: '',
29 silly mapToRegistry   spec: 'latest',
29 silly mapToRegistry   type: 'tag' }
30 silly mapToRegistry uri https://registry.npmjs.org/https
31 verbose request uri https://registry.npmjs.org/https
32 verbose request no auth needed
33 info attempt registry request try #1 at 5:30:52 PM
34 verbose request id 99885eaafb445b69
35 verbose etag "59d0fe35-53b"
36 verbose lastModified Sun, 1 Oct 2017 14:39:49 GMT
37 http request GET https://registry.npmjs.org/https
38 verbose request uri https://registry.npmjs.org/http
39 verbose request no auth needed
40 info attempt registry request try #1 at 5:30:52 PM
41 verbose etag "5a251e79-406"
42 verbose lastModified Mon, 4 Dec 2017 10:07:53 GMT
43 http request GET https://registry.npmjs.org/http
44 http 304 https://registry.npmjs.org/http
45 verbose headers { date: 'Wed, 20 Dec 2017 12:00:59 GMT',
45 verbose headers   via: '1.1 varnish',
45 verbose headers   'cache-control': 'max-age=300',
45 verbose headers   etag: '"5a251e79-406"',
45 verbose headers   age: '8320',
45 verbose headers   connection: 'keep-alive',
45 verbose headers   'x-served-by': 'cache-sin18030-SIN',
45 verbose headers   'x-cache': 'HIT',
45 verbose headers   'x-cache-hits': '2',
45 verbose headers   'x-timer': 'S1513771260.822245,VS0,VE0',
45 verbose headers   vary: 'Accept-Encoding, Accept' }
46 silly get cb [ 304,
46 silly get   { date: 'Wed, 20 Dec 2017 12:00:59 GMT',
46 silly get     via: '1.1 varnish',
46 silly get     'cache-control': 'max-age=300',
46 silly get     etag: '"5a251e79-406"',
46 silly get     age: '8320',
46 silly get     connection: 'keep-alive',
46 silly get     'x-served-by': 'cache-sin18030-SIN',
46 silly get     'x-cache': 'HIT',
46 silly get     'x-cache-hits': '2',
46 silly get     'x-timer': 'S1513771260.822245,VS0,VE0',
46 silly get     vary: 'Accept-Encoding, Accept' } ]
47 verbose etag https://registry.npmjs.org/http from cache
48 verbose get saving http to C:\Users\pradipta.basu\AppData\Roaming\npm-cache\registry.npmjs.org\http\.cache.json
49 verbose correctMkdir C:\Users\pradipta.basu\AppData\Roaming\npm-cache correctMkdir not in flight; initializing
50 http 304 https://registry.npmjs.org/https
51 verbose headers { date: 'Wed, 20 Dec 2017 12:00:59 GMT',
51 verbose headers   via: '1.1 varnish',
51 verbose headers   'cache-control': 'max-age=300',
51 verbose headers   etag: '"59d0fe35-53b"',
51 verbose headers   age: '6807',
51 verbose headers   connection: 'keep-alive',
51 verbose headers   'x-served-by': 'cache-sin18030-SIN',
51 verbose headers   'x-cache': 'HIT',
51 verbose headers   'x-cache-hits': '3',
51 verbose headers   'x-timer': 'S1513771260.827501,VS0,VE0',
51 verbose headers   vary: 'Accept-Encoding, Accept' }
52 silly get cb [ 304,
52 silly get   { date: 'Wed, 20 Dec 2017 12:00:59 GMT',
52 silly get     via: '1.1 varnish',
52 silly get     'cache-control': 'max-age=300',
52 silly get     etag: '"59d0fe35-53b"',
52 silly get     age: '6807',
52 silly get     connection: 'keep-alive',
52 silly get     'x-served-by': 'cache-sin18030-SIN',
52 silly get     'x-cache': 'HIT',
52 silly get     'x-cache-hits': '3',
52 silly get     'x-timer': 'S1513771260.827501,VS0,VE0',
52 silly get     vary: 'Accept-Encoding, Accept' } ]
53 verbose etag https://registry.npmjs.org/https from cache
54 verbose get saving https to C:\Users\pradipta.basu\AppData\Roaming\npm-cache\registry.npmjs.org\https\.cache.json
55 verbose correctMkdir C:\Users\pradipta.basu\AppData\Roaming\npm-cache correctMkdir already in flight; waiting
56 silly fetchNamedPackageData No valid target from cache, forcing network
57 verbose request uri https://registry.npmjs.org/http
58 verbose request no auth needed
59 info attempt registry request try #1 at 5:30:53 PM
60 http request GET https://registry.npmjs.org/http
61 silly fetchNamedPackageData No valid target from cache, forcing network
62 verbose request uri https://registry.npmjs.org/https
63 verbose request no auth needed
64 info attempt registry request try #1 at 5:30:53 PM
65 http request GET https://registry.npmjs.org/https
66 http 200 https://registry.npmjs.org/http
67 verbose headers { 'content-type': 'application/json; charset=UTF-8',
67 verbose headers   server: 'UploadServer',
67 verbose headers   'cache-control': 'max-age=300',
67 verbose headers   'last-modified': 'Mon, 4 Dec 2017 10:07:53 GMT',
67 verbose headers   etag: '"5a251e79-406"',
67 verbose headers   'content-encoding': 'gzip',
67 verbose headers   'content-length': '555',
67 verbose headers   'accept-ranges': 'bytes',
67 verbose headers   date: 'Wed, 20 Dec 2017 12:00:59 GMT',
67 verbose headers   via: '1.1 varnish',
67 verbose headers   age: '8320',
67 verbose headers   connection: 'keep-alive',
67 verbose headers   'x-served-by': 'cache-sin18030-SIN',
67 verbose headers   'x-cache': 'HIT',
67 verbose headers   'x-cache-hits': '3',
67 verbose headers   'x-timer': 'S1513771260.905982,VS0,VE0',
67 verbose headers   vary: 'Accept-Encoding, Accept' }
68 silly get cb [ 200,
68 silly get   { 'content-type': 'application/json; charset=UTF-8',
68 silly get     server: 'UploadServer',
68 silly get     'cache-control': 'max-age=300',
68 silly get     'last-modified': 'Mon, 4 Dec 2017 10:07:53 GMT',
68 silly get     etag: '"5a251e79-406"',
68 silly get     'content-encoding': 'gzip',
68 silly get     'content-length': '555',
68 silly get     'accept-ranges': 'bytes',
68 silly get     date: 'Wed, 20 Dec 2017 12:00:59 GMT',
68 silly get     via: '1.1 varnish',
68 silly get     age: '8320',
68 silly get     connection: 'keep-alive',
68 silly get     'x-served-by': 'cache-sin18030-SIN',
68 silly get     'x-cache': 'HIT',
68 silly get     'x-cache-hits': '3',
68 silly get     'x-timer': 'S1513771260.905982,VS0,VE0',
68 silly get     vary: 'Accept-Encoding, Accept' } ]
69 verbose get saving http to C:\Users\pradipta.basu\AppData\Roaming\npm-cache\registry.npmjs.org\http\.cache.json
70 verbose correctMkdir C:\Users\pradipta.basu\AppData\Roaming\npm-cache correctMkdir not in flight; initializing
71 http 200 https://registry.npmjs.org/https
72 verbose headers { 'content-type': 'application/json; charset=UTF-8',
72 verbose headers   server: 'AmazonS3',
72 verbose headers   'cache-control': 'max-age=300',
72 verbose headers   'last-modified': 'Sun, 1 Oct 2017 14:39:49 GMT',
72 verbose headers   etag: '"59d0fe35-53b"',
72 verbose headers   'content-encoding': 'gzip',
72 verbose headers   'content-length': '589',
72 verbose headers   'accept-ranges': 'bytes',
72 verbose headers   date: 'Wed, 20 Dec 2017 12:00:59 GMT',
72 verbose headers   via: '1.1 varnish',
72 verbose headers   age: '6807',
72 verbose headers   connection: 'keep-alive',
72 verbose headers   'x-served-by': 'cache-sin18030-SIN',
72 verbose headers   'x-cache': 'HIT',
72 verbose headers   'x-cache-hits': '4',
72 verbose headers   'x-timer': 'S1513771260.911287,VS0,VE0',
72 verbose headers   vary: 'Accept-Encoding, Accept' }
73 silly get cb [ 200,
73 silly get   { 'content-type': 'application/json; charset=UTF-8',
73 silly get     server: 'AmazonS3',
73 silly get     'cache-control': 'max-age=300',
73 silly get     'last-modified': 'Sun, 1 Oct 2017 14:39:49 GMT',
73 silly get     etag: '"59d0fe35-53b"',
73 silly get     'content-encoding': 'gzip',
73 silly get     'content-length': '589',
73 silly get     'accept-ranges': 'bytes',
73 silly get     date: 'Wed, 20 Dec 2017 12:00:59 GMT',
73 silly get     via: '1.1 varnish',
73 silly get     age: '6807',
73 silly get     connection: 'keep-alive',
73 silly get     'x-served-by': 'cache-sin18030-SIN',
73 silly get     'x-cache': 'HIT',
73 silly get     'x-cache-hits': '4',
73 silly get     'x-timer': 'S1513771260.911287,VS0,VE0',
73 silly get     vary: 'Accept-Encoding, Accept' } ]
74 verbose get saving https to C:\Users\pradipta.basu\AppData\Roaming\npm-cache\registry.npmjs.org\https\.cache.json
75 verbose correctMkdir C:\Users\pradipta.basu\AppData\Roaming\npm-cache correctMkdir not in flight; initializing
76 silly fetchPackageMetaData Error: No compatible version found: http@^
76 silly fetchPackageMetaData Valid install targets:
76 silly fetchPackageMetaData 0.0.0
76 silly fetchPackageMetaData
76 silly fetchPackageMetaData     at pickVersionFromRegistryDocument (C:\Program Files\nodejs\node_modules\npm\lib\fetch-package-metadata.js:178:16)
76 silly fetchPackageMetaData     at C:\Program Files\nodejs\node_modules\npm\node_modules\iferr\index.js:13:50
76 silly fetchPackageMetaData     at C:\Program Files\nodejs\node_modules\npm\lib\utils\pulse-till-done.js:20:8
76 silly fetchPackageMetaData     at saved (C:\Program Files\nodejs\node_modules\npm\lib\cache\caching-client.js:174:7)
76 silly fetchPackageMetaData     at C:\Program Files\nodejs\node_modules\npm\node_modules\graceful-fs\polyfills.js:241:18
76 silly fetchPackageMetaData     at FSReqWrap.oncomplete (fs.js:123:15)
76 silly fetchPackageMetaData  error for http@^ { Error: No compatible version found: http@^
76 silly fetchPackageMetaData Valid install targets:
76 silly fetchPackageMetaData 0.0.0
76 silly fetchPackageMetaData
76 silly fetchPackageMetaData     at pickVersionFromRegistryDocument (C:\Program Files\nodejs\node_modules\npm\lib\fetch-package-metadata.js:178:16)
76 silly fetchPackageMetaData     at C:\Program Files\nodejs\node_modules\npm\node_modules\iferr\index.js:13:50
76 silly fetchPackageMetaData     at C:\Program Files\nodejs\node_modules\npm\lib\utils\pulse-till-done.js:20:8
76 silly fetchPackageMetaData     at saved (C:\Program Files\nodejs\node_modules\npm\lib\cache\caching-client.js:174:7)
76 silly fetchPackageMetaData     at C:\Program Files\nodejs\node_modules\npm\node_modules\graceful-fs\polyfills.js:241:18
76 silly fetchPackageMetaData     at FSReqWrap.oncomplete (fs.js:123:15) code: 'ETARGET' }
77 silly fetchPackageMetaData Error: No compatible version found: https@^
77 silly fetchPackageMetaData Valid install targets:
77 silly fetchPackageMetaData 1.0.0
77 silly fetchPackageMetaData
77 silly fetchPackageMetaData     at pickVersionFromRegistryDocument (C:\Program Files\nodejs\node_modules\npm\lib\fetch-package-metadata.js:178:16)
77 silly fetchPackageMetaData     at C:\Program Files\nodejs\node_modules\npm\node_modules\iferr\index.js:13:50
77 silly fetchPackageMetaData     at C:\Program Files\nodejs\node_modules\npm\lib\utils\pulse-till-done.js:20:8
77 silly fetchPackageMetaData     at saved (C:\Program Files\nodejs\node_modules\npm\lib\cache\caching-client.js:174:7)
77 silly fetchPackageMetaData     at C:\Program Files\nodejs\node_modules\npm\node_modules\graceful-fs\polyfills.js:241:18
77 silly fetchPackageMetaData     at FSReqWrap.oncomplete (fs.js:123:15)
77 silly fetchPackageMetaData  error for https@^ { Error: No compatible version found: https@^
77 silly fetchPackageMetaData Valid install targets:
77 silly fetchPackageMetaData 1.0.0
77 silly fetchPackageMetaData
77 silly fetchPackageMetaData     at pickVersionFromRegistryDocument (C:\Program Files\nodejs\node_modules\npm\lib\fetch-package-metadata.js:178:16)
77 silly fetchPackageMetaData     at C:\Program Files\nodejs\node_modules\npm\node_modules\iferr\index.js:13:50
77 silly fetchPackageMetaData     at C:\Program Files\nodejs\node_modules\npm\lib\utils\pulse-till-done.js:20:8
77 silly fetchPackageMetaData     at saved (C:\Program Files\nodejs\node_modules\npm\lib\cache\caching-client.js:174:7)
77 silly fetchPackageMetaData     at C:\Program Files\nodejs\node_modules\npm\node_modules\graceful-fs\polyfills.js:241:18
77 silly fetchPackageMetaData     at FSReqWrap.oncomplete (fs.js:123:15) code: 'ETARGET' }
78 silly rollbackFailedOptional Starting
79 silly rollbackFailedOptional Finishing
80 silly runTopLevelLifecycles Finishing
81 silly install printInstalled
82 verbose stack Error: No compatible version found: http@^
82 verbose stack Valid install targets:
82 verbose stack 0.0.0
82 verbose stack
82 verbose stack     at pickVersionFromRegistryDocument (C:\Program Files\nodejs\node_modules\npm\lib\fetch-package-metadata.js:178:16)
82 verbose stack     at C:\Program Files\nodejs\node_modules\npm\node_modules\iferr\index.js:13:50
82 verbose stack     at C:\Program Files\nodejs\node_modules\npm\lib\utils\pulse-till-done.js:20:8
82 verbose stack     at saved (C:\Program Files\nodejs\node_modules\npm\lib\cache\caching-client.js:174:7)
82 verbose stack     at C:\Program Files\nodejs\node_modules\npm\node_modules\graceful-fs\polyfills.js:241:18
82 verbose stack     at FSReqWrap.oncomplete (fs.js:123:15)
83 verbose cwd D:\Workspace\EclipseNeon-AWS\VodafoneGermanyAlexa\simulators
84 error Windows_NT 6.1.7601
85 error argv "C:\\Program Files\\nodejs\\node.exe" "C:\\Program Files\\nodejs\\node_modules\\npm\\bin\\npm-cli.js" "install"
86 error node v6.11.0
87 error npm  v3.10.10
88 error code ETARGET
89 error notarget No compatible version found: http@^
89 error notarget Valid install targets:
89 error notarget 0.0.0
90 error notarget This is most likely not a problem with npm itself.
90 error notarget In most cases you or one of your dependencies are requesting
90 error notarget a package version that doesn't exist.
90 error notarget
90 error notarget It was specified as a dependency of 'VodafoneGermanyAlexa'
91 verbose exit [ 1, true ]
